\BOOKMARK [1][-]{section.1}{2-Dimensional 3-Class Classification problem}{}% 1
\BOOKMARK [2][-]{subsection.1.1}{Goal}{section.1}% 2
\BOOKMARK [2][-]{subsection.1.2}{MLP Training}{section.1}% 3
\BOOKMARK [2][-]{subsection.1.3}{Training Error}{section.1}% 4
\BOOKMARK [2][-]{subsection.1.4}{MLP Testing}{section.1}% 5
\BOOKMARK [2][-]{subsection.1.5}{Observations}{section.1}% 6
\BOOKMARK [3][-]{subsubsection.1.5.1}{Varying the number of hidden layer nodes}{subsection.1.5}% 7
\BOOKMARK [3][-]{subsubsection.1.5.2}{Varying the learning rate}{subsection.1.5}% 8
\BOOKMARK [3][-]{subsubsection.1.5.3}{Varying the training iterations}{subsection.1.5}% 9
\BOOKMARK [3][-]{subsubsection.1.5.4}{Change in Decision Boundary}{subsection.1.5}% 10
\BOOKMARK [2][-]{subsection.1.6}{Discussion and Conclusions}{section.1}% 11
\BOOKMARK [3][-]{subsubsection.1.6.1}{Hidden Layer Nodes}{subsection.1.6}% 12
\BOOKMARK [3][-]{subsubsection.1.6.2}{Learning Rate}{subsection.1.6}% 13
\BOOKMARK [3][-]{subsubsection.1.6.3}{Training Iterations}{subsection.1.6}% 14
\BOOKMARK [3][-]{subsubsection.1.6.4}{Decision Boundary}{subsection.1.6}% 15
\BOOKMARK [1][-]{section.2}{Neural Network to predict the steering angle from the road image for a self-driving car}{}% 16
\BOOKMARK [2][-]{subsection.2.1}{Network Structure}{section.2}% 17
\BOOKMARK [2][-]{subsection.2.2}{Gradient Descent}{section.2}% 18
\BOOKMARK [2][-]{subsection.2.3}{Minibatch gradient Descent}{section.2}% 19
\BOOKMARK [2][-]{subsection.2.4}{Dropout}{section.2}% 20
\BOOKMARK [2][-]{subsection.2.5}{Observations}{section.2}% 21
\BOOKMARK [3][-]{subsubsection.2.5.1}{Training for 5000 epochs at =0.01 without dropout}{subsection.2.5}% 22
\BOOKMARK [3][-]{subsubsection.2.5.2}{Varying minibatch size}{subsection.2.5}% 23
\BOOKMARK [3][-]{subsubsection.2.5.3}{Dropout}{subsection.2.5}% 24
\BOOKMARK [3][-]{subsubsection.2.5.4}{Varying Learning Rate}{subsection.2.5}% 25
\BOOKMARK [2][-]{subsection.2.6}{Conclusions and Discussions}{section.2}% 26
\BOOKMARK [3][-]{subsubsection.2.6.1}{Learning Rate}{subsection.2.6}% 27
\BOOKMARK [3][-]{subsubsection.2.6.2}{Minibatch Size}{subsection.2.6}% 28
\BOOKMARK [3][-]{subsubsection.2.6.3}{Dropout}{subsection.2.6}% 29
\BOOKMARK [1][-]{section.3}{Improved network for steering angle prediction}{}% 30
\BOOKMARK [2][-]{subsection.3.1}{Network Structure}{section.3}% 31
\BOOKMARK [3][-]{subsubsection.3.1.1}{Convolution Layer}{subsection.3.1}% 32
